[ 2017-06-09T11:31:45+08:00 ] 127.0.0.1 127.0.0.1 GET /
[ log ] www.prison.com/ [运行时间：0.057164s][吞吐率：17.49req/s] [内存消耗：1,347.11kb] [文件加载：38]
[ info ] [ LANG ] D:\phpStudy\WWW\prison\thinkphp\lang\zh-cn.php
[ info ] [ ROUTE ] array (
  'type' => 'module',
  'module' => 
  array (
    0 => '',
    1 => NULL,
    2 => NULL,
  ),
)
[ info ] [ HEADER ] array (
  'host' => 'www.prison.com',
  'user-agent' => 'Mozilla/5.0 (Windows NT 10.0; WOW64; rv:53.0) Gecko/20100101 Firefox/53.0',
  'accept' => 'text/html,application/xhtml+xml,application/xml;q=0.9,*/*;q=0.8',
  'accept-language' => 'zh-CN,zh;q=0.8,en-US;q=0.5,en;q=0.3',
  'accept-encoding' => 'gzip, deflate',
  'cookie' => 'pgv_pvi=724215808',
  'connection' => 'keep-alive',
  'upgrade-insecure-requests' => '1',
)
[ info ] [ PARAM ] array (
)
[ info ] [ RUN ] app\index\controller\Index->index[ D:\phpStudy\WWW\prison\application\index\controller\Index.php ]
[ info ] [ LOG ] INIT File

---------------------------------------------------------------
