[ 2017-05-31T18:54:09+08:00 ] 127.0.0.1 127.0.0.1 GET /
[ log ] www.prison.com/ [运行时间：0.312789s][吞吐率：3.20req/s] [内存消耗：1,346.73kb] [文件加载：38]
[ info ] [ LANG ] F:\phpstudy\WWW\prison\thinkphp\lang\zh-cn.php
[ info ] [ ROUTE ] array (
  'type' => 'module',
  'module' => 
  array (
    0 => '',
    1 => NULL,
    2 => NULL,
  ),
)
[ info ] [ HEADER ] array (
  'host' => 'www.prison.com',
  'user-agent' => 'Mozilla/5.0 (Windows NT 10.0; WOW64; rv:53.0) Gecko/20100101 Firefox/53.0',
  'accept' => 'text/html,application/xhtml+xml,application/xml;q=0.9,*/*;q=0.8',
  'accept-language' => 'zh-CN,zh;q=0.8,en-US;q=0.5,en;q=0.3',
  'accept-encoding' => 'gzip, deflate',
  'connection' => 'keep-alive',
  'upgrade-insecure-requests' => '1',
)
[ info ] [ PARAM ] array (
)
[ info ] [ RUN ] app\index\controller\Index->index[ F:\phpstudy\WWW\prison\application\index\controller\Index.php ]
[ info ] [ LOG ] INIT File

---------------------------------------------------------------
[ 2017-05-31T19:01:45+08:00 ] 127.0.0.1 127.0.0.1 GET /
[ log ] www.prison.com/ [运行时间：0.122963s][吞吐率：8.13req/s] [内存消耗：1,380.14kb] [文件加载：41]
[ info ] [ LANG ] F:\phpstudy\WWW\prison\thinkphp\lang\zh-cn.php
[ info ] [ ROUTE ] array (
  'type' => 'module',
  'module' => 
  array (
    0 => '',
    1 => NULL,
    2 => NULL,
  ),
)
[ info ] [ HEADER ] array (
  'host' => 'www.prison.com',
  'user-agent' => 'Mozilla/5.0 (Windows NT 10.0; WOW64; rv:53.0) Gecko/20100101 Firefox/53.0',
  'accept' => 'text/html,application/xhtml+xml,application/xml;q=0.9,*/*;q=0.8',
  'accept-language' => 'zh-CN,zh;q=0.8,en-US;q=0.5,en;q=0.3',
  'accept-encoding' => 'gzip, deflate',
  'connection' => 'keep-alive',
  'upgrade-insecure-requests' => '1',
)
[ info ] [ PARAM ] array (
)
[ info ] [ LOG ] INIT File

---------------------------------------------------------------
[ 2017-05-31T19:05:33+08:00 ] 127.0.0.1 127.0.0.1 GET /
[ log ] www.prison.com/ [运行时间：0.124595s][吞吐率：8.03req/s] [内存消耗：1,620.83kb] [文件加载：44]
[ info ] [ LANG ] F:\phpstudy\WWW\prison\thinkphp\lang\zh-cn.php
[ info ] [ ROUTE ] array (
  'type' => 'module',
  'module' => 
  array (
    0 => '',
    1 => NULL,
    2 => NULL,
  ),
)
[ info ] [ HEADER ] array (
  'host' => 'www.prison.com',
  'user-agent' => 'Mozilla/5.0 (Windows NT 10.0; WOW64; rv:53.0) Gecko/20100101 Firefox/53.0',
  'accept' => 'text/html,application/xhtml+xml,application/xml;q=0.9,*/*;q=0.8',
  'accept-language' => 'zh-CN,zh;q=0.8,en-US;q=0.5,en;q=0.3',
  'accept-encoding' => 'gzip, deflate',
  'connection' => 'keep-alive',
  'upgrade-insecure-requests' => '1',
)
[ info ] [ PARAM ] array (
)
[ info ] [ RUN ] app\admin\controller\Index->index[ F:\phpstudy\WWW\prison\application\admin\controller\Index.php ]
[ info ] [ LOG ] INIT File

---------------------------------------------------------------
[ 2017-05-31T19:07:05+08:00 ] 127.0.0.1 127.0.0.1 GET /
[ log ] www.prison.com/ [运行时间：0.031743s][吞吐率：31.50req/s] [内存消耗：1,620.83kb] [文件加载：44]
[ info ] [ LANG ] F:\phpstudy\WWW\prison\thinkphp\lang\zh-cn.php
[ info ] [ ROUTE ] array (
  'type' => 'module',
  'module' => 
  array (
    0 => '',
    1 => NULL,
    2 => NULL,
  ),
)
[ info ] [ HEADER ] array (
  'host' => 'www.prison.com',
  'user-agent' => 'Mozilla/5.0 (Windows NT 10.0; WOW64; rv:53.0) Gecko/20100101 Firefox/53.0',
  'accept' => 'text/html,application/xhtml+xml,application/xml;q=0.9,*/*;q=0.8',
  'accept-language' => 'zh-CN,zh;q=0.8,en-US;q=0.5,en;q=0.3',
  'accept-encoding' => 'gzip, deflate',
  'connection' => 'keep-alive',
  'upgrade-insecure-requests' => '1',
)
[ info ] [ PARAM ] array (
)
[ info ] [ RUN ] app\admin\controller\Index->index[ F:\phpstudy\WWW\prison\application\admin\controller\Index.php ]
[ info ] [ LOG ] INIT File

---------------------------------------------------------------
[ 2017-05-31T19:07:06+08:00 ] 127.0.0.1 127.0.0.1 GET /
[ log ] www.prison.com/ [运行时间：0.030902s][吞吐率：32.36req/s] [内存消耗：1,620.83kb] [文件加载：44]
[ info ] [ LANG ] F:\phpstudy\WWW\prison\thinkphp\lang\zh-cn.php
[ info ] [ ROUTE ] array (
  'type' => 'module',
  'module' => 
  array (
    0 => '',
    1 => NULL,
    2 => NULL,
  ),
)
[ info ] [ HEADER ] array (
  'host' => 'www.prison.com',
  'user-agent' => 'Mozilla/5.0 (Windows NT 10.0; WOW64; rv:53.0) Gecko/20100101 Firefox/53.0',
  'accept' => 'text/html,application/xhtml+xml,application/xml;q=0.9,*/*;q=0.8',
  'accept-language' => 'zh-CN,zh;q=0.8,en-US;q=0.5,en;q=0.3',
  'accept-encoding' => 'gzip, deflate',
  'connection' => 'keep-alive',
  'upgrade-insecure-requests' => '1',
)
[ info ] [ PARAM ] array (
)
[ info ] [ RUN ] app\admin\controller\Index->index[ F:\phpstudy\WWW\prison\application\admin\controller\Index.php ]
[ info ] [ LOG ] INIT File

---------------------------------------------------------------
[ 2017-05-31T19:07:11+08:00 ] 127.0.0.1 127.0.0.1 GET /
[ log ] www.prison.com/ [运行时间：0.029852s][吞吐率：33.50req/s] [内存消耗：1,620.78kb] [文件加载：44]
[ info ] [ LANG ] F:\phpstudy\WWW\prison\thinkphp\lang\zh-cn.php
[ info ] [ ROUTE ] array (
  'type' => 'module',
  'module' => 
  array (
    0 => '',
    1 => NULL,
    2 => NULL,
  ),
)
[ info ] [ HEADER ] array (
  'host' => 'www.prison.com',
  'user-agent' => 'Mozilla/5.0 (Windows NT 10.0; WOW64; rv:53.0) Gecko/20100101 Firefox/53.0',
  'accept' => 'text/html,application/xhtml+xml,application/xml;q=0.9,*/*;q=0.8',
  'accept-language' => 'zh-CN,zh;q=0.8,en-US;q=0.5,en;q=0.3',
  'accept-encoding' => 'gzip, deflate',
  'connection' => 'keep-alive',
  'upgrade-insecure-requests' => '1',
  'cache-control' => 'max-age=0',
)
[ info ] [ PARAM ] array (
)
[ info ] [ RUN ] app\admin\controller\Index->index[ F:\phpstudy\WWW\prison\application\admin\controller\Index.php ]
[ info ] [ LOG ] INIT File

---------------------------------------------------------------
[ 2017-05-31T19:07:12+08:00 ] 127.0.0.1 127.0.0.1 GET /
[ log ] www.prison.com/ [运行时间：0.029409s][吞吐率：34.00req/s] [内存消耗：1,620.78kb] [文件加载：44]
[ info ] [ LANG ] F:\phpstudy\WWW\prison\thinkphp\lang\zh-cn.php
[ info ] [ ROUTE ] array (
  'type' => 'module',
  'module' => 
  array (
    0 => '',
    1 => NULL,
    2 => NULL,
  ),
)
[ info ] [ HEADER ] array (
  'host' => 'www.prison.com',
  'user-agent' => 'Mozilla/5.0 (Windows NT 10.0; WOW64; rv:53.0) Gecko/20100101 Firefox/53.0',
  'accept' => 'text/html,application/xhtml+xml,application/xml;q=0.9,*/*;q=0.8',
  'accept-language' => 'zh-CN,zh;q=0.8,en-US;q=0.5,en;q=0.3',
  'accept-encoding' => 'gzip, deflate',
  'connection' => 'keep-alive',
  'upgrade-insecure-requests' => '1',
  'cache-control' => 'max-age=0',
)
[ info ] [ PARAM ] array (
)
[ info ] [ RUN ] app\admin\controller\Index->index[ F:\phpstudy\WWW\prison\application\admin\controller\Index.php ]
[ info ] [ LOG ] INIT File

---------------------------------------------------------------
[ 2017-05-31T19:07:12+08:00 ] 127.0.0.1 127.0.0.1 GET /
[ log ] www.prison.com/ [运行时间：0.029454s][吞吐率：33.95req/s] [内存消耗：1,620.78kb] [文件加载：44]
[ info ] [ LANG ] F:\phpstudy\WWW\prison\thinkphp\lang\zh-cn.php
[ info ] [ ROUTE ] array (
  'type' => 'module',
  'module' => 
  array (
    0 => '',
    1 => NULL,
    2 => NULL,
  ),
)
[ info ] [ HEADER ] array (
  'host' => 'www.prison.com',
  'user-agent' => 'Mozilla/5.0 (Windows NT 10.0; WOW64; rv:53.0) Gecko/20100101 Firefox/53.0',
  'accept' => 'text/html,application/xhtml+xml,application/xml;q=0.9,*/*;q=0.8',
  'accept-language' => 'zh-CN,zh;q=0.8,en-US;q=0.5,en;q=0.3',
  'accept-encoding' => 'gzip, deflate',
  'connection' => 'keep-alive',
  'upgrade-insecure-requests' => '1',
  'cache-control' => 'max-age=0',
)
[ info ] [ PARAM ] array (
)
[ info ] [ RUN ] app\admin\controller\Index->index[ F:\phpstudy\WWW\prison\application\admin\controller\Index.php ]
[ info ] [ LOG ] INIT File

---------------------------------------------------------------
[ 2017-05-31T19:07:13+08:00 ] 127.0.0.1 127.0.0.1 GET /
[ log ] www.prison.com/ [运行时间：0.029252s][吞吐率：34.19req/s] [内存消耗：1,620.78kb] [文件加载：44]
[ info ] [ LANG ] F:\phpstudy\WWW\prison\thinkphp\lang\zh-cn.php
[ info ] [ ROUTE ] array (
  'type' => 'module',
  'module' => 
  array (
    0 => '',
    1 => NULL,
    2 => NULL,
  ),
)
[ info ] [ HEADER ] array (
  'host' => 'www.prison.com',
  'user-agent' => 'Mozilla/5.0 (Windows NT 10.0; WOW64; rv:53.0) Gecko/20100101 Firefox/53.0',
  'accept' => 'text/html,application/xhtml+xml,application/xml;q=0.9,*/*;q=0.8',
  'accept-language' => 'zh-CN,zh;q=0.8,en-US;q=0.5,en;q=0.3',
  'accept-encoding' => 'gzip, deflate',
  'connection' => 'keep-alive',
  'upgrade-insecure-requests' => '1',
  'cache-control' => 'max-age=0',
)
[ info ] [ PARAM ] array (
)
[ info ] [ RUN ] app\admin\controller\Index->index[ F:\phpstudy\WWW\prison\application\admin\controller\Index.php ]
[ info ] [ LOG ] INIT File

---------------------------------------------------------------
[ 2017-05-31T19:08:43+08:00 ] 127.0.0.1 127.0.0.1 GET /
[ log ] www.prison.com/ [运行时间：0.043705s][吞吐率：22.88req/s] [内存消耗：1,346.72kb] [文件加载：38]
[ info ] [ LANG ] F:\phpstudy\WWW\prison\thinkphp\lang\zh-cn.php
[ info ] [ ROUTE ] array (
  'type' => 'module',
  'module' => 
  array (
    0 => '',
    1 => NULL,
    2 => NULL,
  ),
)
[ info ] [ HEADER ] array (
  'host' => 'www.prison.com',
  'user-agent' => 'Mozilla/5.0 (Windows NT 10.0; WOW64; rv:53.0) Gecko/20100101 Firefox/53.0',
  'accept' => 'text/html,application/xhtml+xml,application/xml;q=0.9,*/*;q=0.8',
  'accept-language' => 'zh-CN,zh;q=0.8,en-US;q=0.5,en;q=0.3',
  'accept-encoding' => 'gzip, deflate',
  'connection' => 'keep-alive',
  'upgrade-insecure-requests' => '1',
)
[ info ] [ PARAM ] array (
)
[ info ] [ RUN ] app\index\controller\Index->index[ F:\phpstudy\WWW\prison\application\index\controller\Index.php ]
[ info ] [ LOG ] INIT File

---------------------------------------------------------------
[ 2017-05-31T19:09:10+08:00 ] 127.0.0.1 127.0.0.1 GET /admin.php
[ log ] www.prison.com/admin.php [运行时间：0.025419s][吞吐率：39.34req/s] [内存消耗：1,346.70kb] [文件加载：38]
[ info ] [ LANG ] F:\phpstudy\WWW\prison\thinkphp\lang\zh-cn.php
[ info ] [ ROUTE ] array (
  'type' => 'module',
  'module' => 
  array (
    0 => '',
    1 => NULL,
    2 => NULL,
  ),
)
[ info ] [ HEADER ] array (
  'host' => 'www.prison.com',
  'user-agent' => 'Mozilla/5.0 (Windows NT 10.0; WOW64; rv:53.0) Gecko/20100101 Firefox/53.0',
  'accept' => 'text/html,application/xhtml+xml,application/xml;q=0.9,*/*;q=0.8',
  'accept-language' => 'zh-CN,zh;q=0.8,en-US;q=0.5,en;q=0.3',
  'accept-encoding' => 'gzip, deflate',
  'connection' => 'keep-alive',
  'upgrade-insecure-requests' => '1',
)
[ info ] [ PARAM ] array (
)
[ info ] [ RUN ] app\index\controller\Index->index[ F:\phpstudy\WWW\prison\application\index\controller\Index.php ]
[ info ] [ LOG ] INIT File

---------------------------------------------------------------
[ 2017-05-31T19:09:13+08:00 ] 127.0.0.1 127.0.0.1 GET /admin.php
[ log ] www.prison.com/admin.php [运行时间：0.027705s][吞吐率：36.09req/s] [内存消耗：1,346.70kb] [文件加载：38]
[ info ] [ LANG ] F:\phpstudy\WWW\prison\thinkphp\lang\zh-cn.php
[ info ] [ ROUTE ] array (
  'type' => 'module',
  'module' => 
  array (
    0 => '',
    1 => NULL,
    2 => NULL,
  ),
)
[ info ] [ HEADER ] array (
  'host' => 'www.prison.com',
  'user-agent' => 'Mozilla/5.0 (Windows NT 10.0; WOW64; rv:53.0) Gecko/20100101 Firefox/53.0',
  'accept' => 'text/html,application/xhtml+xml,application/xml;q=0.9,*/*;q=0.8',
  'accept-language' => 'zh-CN,zh;q=0.8,en-US;q=0.5,en;q=0.3',
  'accept-encoding' => 'gzip, deflate',
  'connection' => 'keep-alive',
  'upgrade-insecure-requests' => '1',
)
[ info ] [ PARAM ] array (
)
[ info ] [ RUN ] app\index\controller\Index->index[ F:\phpstudy\WWW\prison\application\index\controller\Index.php ]
[ info ] [ LOG ] INIT File

---------------------------------------------------------------
[ 2017-05-31T19:09:31+08:00 ] 127.0.0.1 127.0.0.1 GET /admin.php
[ log ] www.prison.com/admin.php [运行时间：0.042073s][吞吐率：23.77req/s] [内存消耗：1,620.91kb] [文件加载：44]
[ info ] [ LANG ] F:\phpstudy\WWW\prison\thinkphp\lang\zh-cn.php
[ info ] [ ROUTE ] array (
  'type' => 'module',
  'module' => 
  array (
    0 => '',
    1 => NULL,
    2 => NULL,
  ),
)
[ info ] [ HEADER ] array (
  'host' => 'www.prison.com',
  'user-agent' => 'Mozilla/5.0 (Windows NT 10.0; WOW64; rv:53.0) Gecko/20100101 Firefox/53.0',
  'accept' => 'text/html,application/xhtml+xml,application/xml;q=0.9,*/*;q=0.8',
  'accept-language' => 'zh-CN,zh;q=0.8,en-US;q=0.5,en;q=0.3',
  'accept-encoding' => 'gzip, deflate',
  'connection' => 'keep-alive',
  'upgrade-insecure-requests' => '1',
)
[ info ] [ PARAM ] array (
)
[ info ] [ RUN ] app\admin\controller\Index->index[ F:\phpstudy\WWW\prison\application\admin\controller\Index.php ]
[ info ] [ LOG ] INIT File

---------------------------------------------------------------
[ 2017-05-31T19:09:37+08:00 ] 127.0.0.1 127.0.0.1 GET /
[ log ] www.prison.com/ [运行时间：0.028415s][吞吐率：35.19req/s] [内存消耗：1,620.83kb] [文件加载：44]
[ info ] [ LANG ] F:\phpstudy\WWW\prison\thinkphp\lang\zh-cn.php
[ info ] [ ROUTE ] array (
  'type' => 'module',
  'module' => 
  array (
    0 => '',
    1 => NULL,
    2 => NULL,
  ),
)
[ info ] [ HEADER ] array (
  'host' => 'www.prison.com',
  'user-agent' => 'Mozilla/5.0 (Windows NT 10.0; WOW64; rv:53.0) Gecko/20100101 Firefox/53.0',
  'accept' => 'text/html,application/xhtml+xml,application/xml;q=0.9,*/*;q=0.8',
  'accept-language' => 'zh-CN,zh;q=0.8,en-US;q=0.5,en;q=0.3',
  'accept-encoding' => 'gzip, deflate',
  'connection' => 'keep-alive',
  'upgrade-insecure-requests' => '1',
)
[ info ] [ PARAM ] array (
)
[ info ] [ RUN ] app\admin\controller\Index->index[ F:\phpstudy\WWW\prison\application\admin\controller\Index.php ]
[ info ] [ LOG ] INIT File

---------------------------------------------------------------
[ 2017-05-31T19:09:52+08:00 ] 127.0.0.1 127.0.0.1 GET /
[ log ] www.prison.com/ [运行时间：0.034658s][吞吐率：28.85req/s] [内存消耗：1,346.72kb] [文件加载：38]
[ info ] [ LANG ] F:\phpstudy\WWW\prison\thinkphp\lang\zh-cn.php
[ info ] [ ROUTE ] array (
  'type' => 'module',
  'module' => 
  array (
    0 => '',
    1 => NULL,
    2 => NULL,
  ),
)
[ info ] [ HEADER ] array (
  'host' => 'www.prison.com',
  'user-agent' => 'Mozilla/5.0 (Windows NT 10.0; WOW64; rv:53.0) Gecko/20100101 Firefox/53.0',
  'accept' => 'text/html,application/xhtml+xml,application/xml;q=0.9,*/*;q=0.8',
  'accept-language' => 'zh-CN,zh;q=0.8,en-US;q=0.5,en;q=0.3',
  'accept-encoding' => 'gzip, deflate',
  'connection' => 'keep-alive',
  'upgrade-insecure-requests' => '1',
)
[ info ] [ PARAM ] array (
)
[ info ] [ RUN ] app\index\controller\Index->index[ F:\phpstudy\WWW\prison\application\index\controller\Index.php ]
[ info ] [ LOG ] INIT File

---------------------------------------------------------------
[ 2017-05-31T19:10:41+08:00 ] 127.0.0.1 127.0.0.1 GET /admin
[ log ] www.prison.com/admin [运行时间：0.036035s][吞吐率：27.75req/s] [内存消耗：1,620.75kb] [文件加载：44]
[ info ] [ LANG ] F:\phpstudy\WWW\prison\thinkphp\lang\zh-cn.php
[ info ] [ ROUTE ] array (
  'type' => 'module',
  'module' => 
  array (
    0 => 'admin',
    1 => NULL,
    2 => NULL,
  ),
)
[ info ] [ HEADER ] array (
  'host' => 'www.prison.com',
  'user-agent' => 'Mozilla/5.0 (Windows NT 10.0; WOW64; rv:53.0) Gecko/20100101 Firefox/53.0',
  'accept' => 'text/html,application/xhtml+xml,application/xml;q=0.9,*/*;q=0.8',
  'accept-language' => 'zh-CN,zh;q=0.8,en-US;q=0.5,en;q=0.3',
  'accept-encoding' => 'gzip, deflate',
  'connection' => 'keep-alive',
  'upgrade-insecure-requests' => '1',
)
[ info ] [ PARAM ] array (
)
[ info ] [ RUN ] app\admin\controller\Index->index[ F:\phpstudy\WWW\prison\application\admin\controller\Index.php ]
[ info ] [ LOG ] INIT File

---------------------------------------------------------------
[ 2017-05-31T19:10:48+08:00 ] 127.0.0.1 127.0.0.1 GET /
[ log ] www.prison.com/ [运行时间：0.031749s][吞吐率：31.50req/s] [内存消耗：1,346.72kb] [文件加载：38]
[ info ] [ LANG ] F:\phpstudy\WWW\prison\thinkphp\lang\zh-cn.php
[ info ] [ ROUTE ] array (
  'type' => 'module',
  'module' => 
  array (
    0 => '',
    1 => NULL,
    2 => NULL,
  ),
)
[ info ] [ HEADER ] array (
  'host' => 'www.prison.com',
  'user-agent' => 'Mozilla/5.0 (Windows NT 10.0; WOW64; rv:53.0) Gecko/20100101 Firefox/53.0',
  'accept' => 'text/html,application/xhtml+xml,application/xml;q=0.9,*/*;q=0.8',
  'accept-language' => 'zh-CN,zh;q=0.8,en-US;q=0.5,en;q=0.3',
  'accept-encoding' => 'gzip, deflate',
  'connection' => 'keep-alive',
  'upgrade-insecure-requests' => '1',
)
[ info ] [ PARAM ] array (
)
[ info ] [ RUN ] app\index\controller\Index->index[ F:\phpstudy\WWW\prison\application\index\controller\Index.php ]
[ info ] [ LOG ] INIT File

---------------------------------------------------------------
[ 2017-05-31T19:10:55+08:00 ] 127.0.0.1 127.0.0.1 GET /admin.php
[ log ] www.prison.com/admin.php [运行时间：0.026401s][吞吐率：37.88req/s] [内存消耗：1,346.70kb] [文件加载：38]
[ info ] [ LANG ] F:\phpstudy\WWW\prison\thinkphp\lang\zh-cn.php
[ info ] [ ROUTE ] array (
  'type' => 'module',
  'module' => 
  array (
    0 => '',
    1 => NULL,
    2 => NULL,
  ),
)
[ info ] [ HEADER ] array (
  'host' => 'www.prison.com',
  'user-agent' => 'Mozilla/5.0 (Windows NT 10.0; WOW64; rv:53.0) Gecko/20100101 Firefox/53.0',
  'accept' => 'text/html,application/xhtml+xml,application/xml;q=0.9,*/*;q=0.8',
  'accept-language' => 'zh-CN,zh;q=0.8,en-US;q=0.5,en;q=0.3',
  'accept-encoding' => 'gzip, deflate',
  'connection' => 'keep-alive',
  'upgrade-insecure-requests' => '1',
)
[ info ] [ PARAM ] array (
)
[ info ] [ RUN ] app\index\controller\Index->index[ F:\phpstudy\WWW\prison\application\index\controller\Index.php ]
[ info ] [ LOG ] INIT File

---------------------------------------------------------------
[ 2017-05-31T19:11:02+08:00 ] 127.0.0.1 127.0.0.1 GET /admin
[ log ] www.prison.com/admin [运行时间：0.032565s][吞吐率：30.71req/s] [内存消耗：1,620.41kb] [文件加载：44]
[ info ] [ LANG ] F:\phpstudy\WWW\prison\thinkphp\lang\zh-cn.php
[ info ] [ ROUTE ] array (
  'type' => 'module',
  'module' => 
  array (
    0 => 'admin',
    1 => NULL,
    2 => NULL,
  ),
)
[ info ] [ HEADER ] array (
  'host' => 'www.prison.com',
  'user-agent' => 'Mozilla/5.0 (Windows NT 10.0; WOW64; rv:53.0) Gecko/20100101 Firefox/53.0',
  'accept' => 'text/html,application/xhtml+xml,application/xml;q=0.9,*/*;q=0.8',
  'accept-language' => 'zh-CN,zh;q=0.8,en-US;q=0.5,en;q=0.3',
  'accept-encoding' => 'gzip, deflate',
  'connection' => 'keep-alive',
  'upgrade-insecure-requests' => '1',
)
[ info ] [ PARAM ] array (
)
[ info ] [ RUN ] app\admin\controller\Index->index[ F:\phpstudy\WWW\prison\application\admin\controller\Index.php ]
[ info ] [ LOG ] INIT File

---------------------------------------------------------------
[ 2017-05-31T19:11:02+08:00 ] 127.0.0.1 127.0.0.1 GET /index.php
[ log ] www.prison.com/index.php [运行时间：0.033914s][吞吐率：29.49req/s] [内存消耗：1,346.62kb] [文件加载：38]
[ info ] [ LANG ] F:\phpstudy\WWW\prison\thinkphp\lang\zh-cn.php
[ info ] [ ROUTE ] array (
  'type' => 'module',
  'module' => 
  array (
    0 => '',
    1 => NULL,
    2 => NULL,
  ),
)
[ info ] [ HEADER ] array (
  'host' => 'www.prison.com',
  'accept-encoding' => 'compress,gzip',
  'connection' => 'Close',
)
[ info ] [ PARAM ] array (
)
[ info ] [ RUN ] app\index\controller\Index->index[ F:\phpstudy\WWW\prison\application\index\controller\Index.php ]
[ info ] [ LOG ] INIT File

---------------------------------------------------------------
[ 2017-05-31T19:11:09+08:00 ] 127.0.0.1 127.0.0.1 GET /admin.php
[ log ] www.prison.com/admin.php [运行时间：0.024369s][吞吐率：41.04req/s] [内存消耗：1,346.70kb] [文件加载：38]
[ info ] [ LANG ] F:\phpstudy\WWW\prison\thinkphp\lang\zh-cn.php
[ info ] [ ROUTE ] array (
  'type' => 'module',
  'module' => 
  array (
    0 => '',
    1 => NULL,
    2 => NULL,
  ),
)
[ info ] [ HEADER ] array (
  'host' => 'www.prison.com',
  'user-agent' => 'Mozilla/5.0 (Windows NT 10.0; WOW64; rv:53.0) Gecko/20100101 Firefox/53.0',
  'accept' => 'text/html,application/xhtml+xml,application/xml;q=0.9,*/*;q=0.8',
  'accept-language' => 'zh-CN,zh;q=0.8,en-US;q=0.5,en;q=0.3',
  'accept-encoding' => 'gzip, deflate',
  'connection' => 'keep-alive',
  'upgrade-insecure-requests' => '1',
)
[ info ] [ PARAM ] array (
)
[ info ] [ RUN ] app\index\controller\Index->index[ F:\phpstudy\WWW\prison\application\index\controller\Index.php ]
[ info ] [ LOG ] INIT File

---------------------------------------------------------------
[ 2017-05-31T19:12:02+08:00 ] 127.0.0.1 127.0.0.1 GET /admin.com
[ log ] www.prison.com/admin.com [运行时间：0.031039s][吞吐率：32.22req/s] [内存消耗：1,379.37kb] [文件加载：40]
[ info ] [ LANG ] F:\phpstudy\WWW\prison\thinkphp\lang\zh-cn.php
[ info ] [ ROUTE ] array (
  'type' => 'module',
  'module' => 
  array (
    0 => 'admin.com',
    1 => NULL,
    2 => NULL,
  ),
)
[ info ] [ HEADER ] array (
  'host' => 'www.prison.com',
  'user-agent' => 'Mozilla/5.0 (Windows NT 10.0; WOW64; rv:53.0) Gecko/20100101 Firefox/53.0',
  'accept' => 'text/html,application/xhtml+xml,application/xml;q=0.9,*/*;q=0.8',
  'accept-language' => 'zh-CN,zh;q=0.8,en-US;q=0.5,en;q=0.3',
  'accept-encoding' => 'gzip, deflate',
  'connection' => 'keep-alive',
  'upgrade-insecure-requests' => '1',
)
[ info ] [ PARAM ] array (
)
[ info ] [ LOG ] INIT File

---------------------------------------------------------------
[ 2017-05-31T19:12:06+08:00 ] 127.0.0.1 127.0.0.1 GET /admin
[ log ] www.prison.com/admin [运行时间：0.032623s][吞吐率：30.65req/s] [内存消耗：1,620.75kb] [文件加载：44]
[ info ] [ LANG ] F:\phpstudy\WWW\prison\thinkphp\lang\zh-cn.php
[ info ] [ ROUTE ] array (
  'type' => 'module',
  'module' => 
  array (
    0 => 'admin',
    1 => NULL,
    2 => NULL,
  ),
)
[ info ] [ HEADER ] array (
  'host' => 'www.prison.com',
  'user-agent' => 'Mozilla/5.0 (Windows NT 10.0; WOW64; rv:53.0) Gecko/20100101 Firefox/53.0',
  'accept' => 'text/html,application/xhtml+xml,application/xml;q=0.9,*/*;q=0.8',
  'accept-language' => 'zh-CN,zh;q=0.8,en-US;q=0.5,en;q=0.3',
  'accept-encoding' => 'gzip, deflate',
  'connection' => 'keep-alive',
  'upgrade-insecure-requests' => '1',
)
[ info ] [ PARAM ] array (
)
[ info ] [ RUN ] app\admin\controller\Index->index[ F:\phpstudy\WWW\prison\application\admin\controller\Index.php ]
[ info ] [ LOG ] INIT File

---------------------------------------------------------------
[ 2017-05-31T19:18:51+08:00 ] 127.0.0.1 127.0.0.1 GET /admin
[ log ] www.prison.com/admin [运行时间：0.041610s][吞吐率：24.03req/s] [内存消耗：1,620.75kb] [文件加载：44]
[ info ] [ LANG ] F:\phpstudy\WWW\prison\thinkphp\lang\zh-cn.php
[ info ] [ ROUTE ] array (
  'type' => 'module',
  'module' => 
  array (
    0 => 'admin',
    1 => NULL,
    2 => NULL,
  ),
)
[ info ] [ HEADER ] array (
  'host' => 'www.prison.com',
  'user-agent' => 'Mozilla/5.0 (Windows NT 10.0; WOW64; rv:53.0) Gecko/20100101 Firefox/53.0',
  'accept' => 'text/html,application/xhtml+xml,application/xml;q=0.9,*/*;q=0.8',
  'accept-language' => 'zh-CN,zh;q=0.8,en-US;q=0.5,en;q=0.3',
  'accept-encoding' => 'gzip, deflate',
  'connection' => 'keep-alive',
  'upgrade-insecure-requests' => '1',
)
[ info ] [ PARAM ] array (
)
[ info ] [ RUN ] app\admin\controller\Index->index[ F:\phpstudy\WWW\prison\application\admin\controller\Index.php ]
[ info ] [ LOG ] INIT File

---------------------------------------------------------------
[ 2017-05-31T19:19:45+08:00 ] 127.0.0.1 127.0.0.1 GET /admin
[ log ] www.prison.com/admin [运行时间：0.048697s][吞吐率：20.54req/s] [内存消耗：1,656.13kb] [文件加载：47]
[ info ] [ LANG ] F:\phpstudy\WWW\prison\thinkphp\lang\zh-cn.php
[ info ] [ ROUTE ] array (
  'type' => 'module',
  'module' => 
  array (
    0 => 'admin',
    1 => NULL,
    2 => NULL,
  ),
)
[ info ] [ HEADER ] array (
  'host' => 'www.prison.com',
  'user-agent' => 'Mozilla/5.0 (Windows NT 10.0; WOW64; rv:53.0) Gecko/20100101 Firefox/53.0',
  'accept' => 'text/html,application/xhtml+xml,application/xml;q=0.9,*/*;q=0.8',
  'accept-language' => 'zh-CN,zh;q=0.8,en-US;q=0.5,en;q=0.3',
  'accept-encoding' => 'gzip, deflate',
  'connection' => 'keep-alive',
  'upgrade-insecure-requests' => '1',
)
[ info ] [ PARAM ] array (
)
[ info ] [ RUN ] app\admin\controller\Index->index[ F:\phpstudy\WWW\prison\application\admin\controller\Index.php ]
[ info ] [ LOG ] INIT File
[ error ] [0]模板文件不存在:F:\phpstudy\WWW\prison\public/../application/admin\view\index\index.html[F:\phpstudy\WWW\prison\thinkphp\library\think\view\driver\Think.php:80]

---------------------------------------------------------------
[ 2017-05-31T19:20:14+08:00 ] 127.0.0.1 127.0.0.1 GET /admin
[ log ] www.prison.com/admin [运行时间：0.036759s][吞吐率：27.20req/s] [内存消耗：1,656.13kb] [文件加载：47]
[ info ] [ LANG ] F:\phpstudy\WWW\prison\thinkphp\lang\zh-cn.php
[ info ] [ ROUTE ] array (
  'type' => 'module',
  'module' => 
  array (
    0 => 'admin',
    1 => NULL,
    2 => NULL,
  ),
)
[ info ] [ HEADER ] array (
  'host' => 'www.prison.com',
  'user-agent' => 'Mozilla/5.0 (Windows NT 10.0; WOW64; rv:53.0) Gecko/20100101 Firefox/53.0',
  'accept' => 'text/html,application/xhtml+xml,application/xml;q=0.9,*/*;q=0.8',
  'accept-language' => 'zh-CN,zh;q=0.8,en-US;q=0.5,en;q=0.3',
  'accept-encoding' => 'gzip, deflate',
  'connection' => 'keep-alive',
  'upgrade-insecure-requests' => '1',
)
[ info ] [ PARAM ] array (
)
[ info ] [ RUN ] app\admin\controller\Index->index[ F:\phpstudy\WWW\prison\application\admin\controller\Index.php ]
[ info ] [ LOG ] INIT File
[ error ] [0]模板文件不存在:F:\phpstudy\WWW\prison\public/../application/admin\view\index\index.html[F:\phpstudy\WWW\prison\thinkphp\library\think\view\driver\Think.php:80]

---------------------------------------------------------------
[ 2017-05-31T19:21:37+08:00 ] 127.0.0.1 127.0.0.1 GET /admin
[ log ] www.prison.com/admin [运行时间：0.214288s][吞吐率：4.67req/s] [内存消耗：1,827.60kb] [文件加载：51]
[ info ] [ LANG ] F:\phpstudy\WWW\prison\thinkphp\lang\zh-cn.php
[ info ] [ ROUTE ] array (
  'type' => 'module',
  'module' => 
  array (
    0 => 'admin',
    1 => NULL,
    2 => NULL,
  ),
)
[ info ] [ HEADER ] array (
  'host' => 'www.prison.com',
  'user-agent' => 'Mozilla/5.0 (Windows NT 10.0; WOW64; rv:53.0) Gecko/20100101 Firefox/53.0',
  'accept' => 'text/html,application/xhtml+xml,application/xml;q=0.9,*/*;q=0.8',
  'accept-language' => 'zh-CN,zh;q=0.8,en-US;q=0.5,en;q=0.3',
  'accept-encoding' => 'gzip, deflate',
  'connection' => 'keep-alive',
  'upgrade-insecure-requests' => '1',
)
[ info ] [ PARAM ] array (
)
[ info ] [ RUN ] app\admin\controller\Index->index[ F:\phpstudy\WWW\prison\application\admin\controller\Index.php ]
[ info ] [ VIEW ] F:\phpstudy\WWW\prison\public/../application/admin\view\index\index.html [ array (
) ]
[ info ] [ LOG ] INIT File
[ error ] [8]未定义变量: userinfo[F:\phpstudy\WWW\prison\runtime\temp\2195f36fbf0801f52476e8d2d0087d6b.php:70]

---------------------------------------------------------------
[ 2017-05-31T19:24:08+08:00 ] 127.0.0.1 127.0.0.1 GET /admin
[ log ] www.prison.com/admin [运行时间：0.056181s][吞吐率：17.80req/s] [内存消耗：1,827.70kb] [文件加载：51]
[ info ] [ LANG ] F:\phpstudy\WWW\prison\thinkphp\lang\zh-cn.php
[ info ] [ ROUTE ] array (
  'type' => 'module',
  'module' => 
  array (
    0 => 'admin',
    1 => NULL,
    2 => NULL,
  ),
)
[ info ] [ HEADER ] array (
  'host' => 'www.prison.com',
  'user-agent' => 'Mozilla/5.0 (Windows NT 10.0; WOW64; rv:53.0) Gecko/20100101 Firefox/53.0',
  'accept' => 'text/html,application/xhtml+xml,application/xml;q=0.9,*/*;q=0.8',
  'accept-language' => 'zh-CN,zh;q=0.8,en-US;q=0.5,en;q=0.3',
  'accept-encoding' => 'gzip, deflate',
  'connection' => 'keep-alive',
  'upgrade-insecure-requests' => '1',
)
[ info ] [ PARAM ] array (
)
[ info ] [ RUN ] app\admin\controller\Index->index[ F:\phpstudy\WWW\prison\application\admin\controller\Index.php ]
[ info ] [ VIEW ] F:\phpstudy\WWW\prison\public/../application/admin\view\index\index.html [ array (
) ]
[ info ] [ LOG ] INIT File
[ error ] [8]未定义变量: userinfo[F:\phpstudy\WWW\prison\runtime\temp\2195f36fbf0801f52476e8d2d0087d6b.php:70]

---------------------------------------------------------------
[ 2017-05-31T19:24:39+08:00 ] 127.0.0.1 127.0.0.1 GET /admin
[ log ] www.prison.com/admin [运行时间：0.048873s][吞吐率：20.46req/s] [内存消耗：1,827.87kb] [文件加载：51]
[ info ] [ LANG ] F:\phpstudy\WWW\prison\thinkphp\lang\zh-cn.php
[ info ] [ ROUTE ] array (
  'type' => 'module',
  'module' => 
  array (
    0 => 'admin',
    1 => NULL,
    2 => NULL,
  ),
)
[ info ] [ HEADER ] array (
  'host' => 'www.prison.com',
  'user-agent' => 'Mozilla/5.0 (Windows NT 10.0; WOW64; rv:53.0) Gecko/20100101 Firefox/53.0',
  'accept' => 'text/html,application/xhtml+xml,application/xml;q=0.9,*/*;q=0.8',
  'accept-language' => 'zh-CN,zh;q=0.8,en-US;q=0.5,en;q=0.3',
  'accept-encoding' => 'gzip, deflate',
  'connection' => 'keep-alive',
  'upgrade-insecure-requests' => '1',
  'cache-control' => 'max-age=0',
)
[ info ] [ PARAM ] array (
)
[ info ] [ RUN ] app\admin\controller\Index->index[ F:\phpstudy\WWW\prison\application\admin\controller\Index.php ]
[ info ] [ VIEW ] F:\phpstudy\WWW\prison\public/../application/admin\view\index\index.html [ array (
) ]
[ info ] [ LOG ] INIT File
[ error ] [8]未定义变量: userinfo[F:\phpstudy\WWW\prison\runtime\temp\2195f36fbf0801f52476e8d2d0087d6b.php:70]

---------------------------------------------------------------
[ 2017-05-31T19:24:42+08:00 ] 127.0.0.1 127.0.0.1 GET /admin
[ log ] www.prison.com/admin [运行时间：0.034634s][吞吐率：28.87req/s] [内存消耗：1,665.30kb] [文件加载：49]
[ info ] [ LANG ] F:\phpstudy\WWW\prison\thinkphp\lang\zh-cn.php
[ info ] [ ROUTE ] array (
  'type' => 'module',
  'module' => 
  array (
    0 => 'admin',
    1 => NULL,
    2 => NULL,
  ),
)
[ info ] [ HEADER ] array (
  'host' => 'www.prison.com',
  'user-agent' => 'Mozilla/5.0 (Windows NT 10.0; WOW64; rv:53.0) Gecko/20100101 Firefox/53.0',
  'accept' => 'text/html,application/xhtml+xml,application/xml;q=0.9,*/*;q=0.8',
  'accept-language' => 'zh-CN,zh;q=0.8,en-US;q=0.5,en;q=0.3',
  'accept-encoding' => 'gzip, deflate',
  'connection' => 'keep-alive',
  'upgrade-insecure-requests' => '1',
)
[ info ] [ PARAM ] array (
)
[ info ] [ RUN ] app\admin\controller\Index->index[ F:\phpstudy\WWW\prison\application\admin\controller\Index.php ]
[ info ] [ VIEW ] F:\phpstudy\WWW\prison\public/../application/admin\view\index\index.html [ array (
) ]
[ info ] [ LOG ] INIT File
[ error ] [8]未定义变量: userinfo[F:\phpstudy\WWW\prison\runtime\temp\2195f36fbf0801f52476e8d2d0087d6b.php:70]

---------------------------------------------------------------
[ 2017-05-31T19:25:01+08:00 ] 127.0.0.1 127.0.0.1 GET /admin
[ log ] www.prison.com/admin [运行时间：0.049328s][吞吐率：20.27req/s] [内存消耗：1,827.46kb] [文件加载：51]
[ info ] [ LANG ] F:\phpstudy\WWW\prison\thinkphp\lang\zh-cn.php
[ info ] [ ROUTE ] array (
  'type' => 'module',
  'module' => 
  array (
    0 => 'admin',
    1 => NULL,
    2 => NULL,
  ),
)
[ info ] [ HEADER ] array (
  'host' => 'www.prison.com',
  'user-agent' => 'Mozilla/5.0 (Windows NT 10.0; WOW64; rv:53.0) Gecko/20100101 Firefox/53.0',
  'accept' => 'text/html,application/xhtml+xml,application/xml;q=0.9,*/*;q=0.8',
  'accept-language' => 'zh-CN,zh;q=0.8,en-US;q=0.5,en;q=0.3',
  'accept-encoding' => 'gzip, deflate',
  'connection' => 'keep-alive',
  'upgrade-insecure-requests' => '1',
)
[ info ] [ PARAM ] array (
)
[ info ] [ RUN ] app\admin\controller\Index->index[ F:\phpstudy\WWW\prison\application\admin\controller\Index.php ]
[ info ] [ VIEW ] F:\phpstudy\WWW\prison\public/../application/admin\view\index\index.html [ array (
) ]
[ info ] [ LOG ] INIT File
[ error ] [8]未定义变量: userinfo[F:\phpstudy\WWW\prison\runtime\temp\2195f36fbf0801f52476e8d2d0087d6b.php:135]

---------------------------------------------------------------
[ 2017-05-31T19:25:53+08:00 ] 127.0.0.1 127.0.0.1 GET /admin
[ log ] www.prison.com/admin [运行时间：0.052474s][吞吐率：19.06req/s] [内存消耗：1,858.37kb] [文件加载：48]
[ info ] [ LANG ] F:\phpstudy\WWW\prison\thinkphp\lang\zh-cn.php
[ info ] [ ROUTE ] array (
  'type' => 'module',
  'module' => 
  array (
    0 => 'admin',
    1 => NULL,
    2 => NULL,
  ),
)
[ info ] [ HEADER ] array (
  'host' => 'www.prison.com',
  'user-agent' => 'Mozilla/5.0 (Windows NT 10.0; WOW64; rv:53.0) Gecko/20100101 Firefox/53.0',
  'accept' => 'text/html,application/xhtml+xml,application/xml;q=0.9,*/*;q=0.8',
  'accept-language' => 'zh-CN,zh;q=0.8,en-US;q=0.5,en;q=0.3',
  'accept-encoding' => 'gzip, deflate',
  'connection' => 'keep-alive',
  'upgrade-insecure-requests' => '1',
)
[ info ] [ PARAM ] array (
)
[ info ] [ RUN ] app\admin\controller\Index->index[ F:\phpstudy\WWW\prison\application\admin\controller\Index.php ]
[ info ] [ VIEW ] F:\phpstudy\WWW\prison\public/../application/admin\view\index\index.html [ array (
) ]
[ info ] [ LOG ] INIT File

---------------------------------------------------------------
[ 2017-05-31T19:25:53+08:00 ] 127.0.0.1 127.0.0.1 GET /staticassets/css/amazeui.min.css
[ log ] www.prison.com/staticassets/css/amazeui.min.css [运行时间：0.035180s][吞吐率：28.43req/s] [内存消耗：1,379.37kb] [文件加载：40]
[ info ] [ LANG ] F:\phpstudy\WWW\prison\thinkphp\lang\zh-cn.php
[ info ] [ ROUTE ] array (
  'type' => 'module',
  'module' => 
  array (
    0 => 'staticassets',
    1 => 'css',
    2 => 'amazeui.min.css',
  ),
)
[ info ] [ HEADER ] array (
  'host' => 'www.prison.com',
  'user-agent' => 'Mozilla/5.0 (Windows NT 10.0; WOW64; rv:53.0) Gecko/20100101 Firefox/53.0',
  'accept' => 'text/css,*/*;q=0.1',
  'accept-language' => 'zh-CN,zh;q=0.8,en-US;q=0.5,en;q=0.3',
  'accept-encoding' => 'gzip, deflate',
  'referer' => 'http://www.prison.com/admin',
  'connection' => 'keep-alive',
)
[ info ] [ PARAM ] array (
)
[ info ] [ LOG ] INIT File

---------------------------------------------------------------
[ 2017-05-31T19:25:53+08:00 ] 127.0.0.1 127.0.0.1 GET /staticassets/js/app.js
[ log ] www.prison.com/staticassets/js/app.js [运行时间：0.032056s][吞吐率：31.20req/s] [内存消耗：1,379.31kb] [文件加载：40]
[ info ] [ LANG ] F:\phpstudy\WWW\prison\thinkphp\lang\zh-cn.php
[ info ] [ ROUTE ] array (
  'type' => 'module',
  'module' => 
  array (
    0 => 'staticassets',
    1 => 'js',
    2 => 'app.js',
  ),
)
[ info ] [ HEADER ] array (
  'host' => 'www.prison.com',
  'user-agent' => 'Mozilla/5.0 (Windows NT 10.0; WOW64; rv:53.0) Gecko/20100101 Firefox/53.0',
  'accept' => '*/*',
  'accept-language' => 'zh-CN,zh;q=0.8,en-US;q=0.5,en;q=0.3',
  'accept-encoding' => 'gzip, deflate',
  'referer' => 'http://www.prison.com/admin',
  'connection' => 'keep-alive',
)
[ info ] [ PARAM ] array (
)
[ info ] [ LOG ] INIT File

---------------------------------------------------------------
[ 2017-05-31T19:25:53+08:00 ] 127.0.0.1 127.0.0.1 GET /staticassets/js/amazeui.min.js
[ log ] www.prison.com/staticassets/js/amazeui.min.js [运行时间：0.033182s][吞吐率：30.14req/s] [内存消耗：1,379.31kb] [文件加载：40]
[ info ] [ LANG ] F:\phpstudy\WWW\prison\thinkphp\lang\zh-cn.php
[ info ] [ ROUTE ] array (
  'type' => 'module',
  'module' => 
  array (
    0 => 'staticassets',
    1 => 'js',
    2 => 'amazeui.min.js',
  ),
)
[ info ] [ HEADER ] array (
  'host' => 'www.prison.com',
  'user-agent' => 'Mozilla/5.0 (Windows NT 10.0; WOW64; rv:53.0) Gecko/20100101 Firefox/53.0',
  'accept' => '*/*',
  'accept-language' => 'zh-CN,zh;q=0.8,en-US;q=0.5,en;q=0.3',
  'accept-encoding' => 'gzip, deflate',
  'referer' => 'http://www.prison.com/admin',
  'connection' => 'keep-alive',
)
[ info ] [ PARAM ] array (
)
[ info ] [ LOG ] INIT File

---------------------------------------------------------------
[ 2017-05-31T19:25:53+08:00 ] 127.0.0.1 127.0.0.1 GET /staticassets/i/favicon.png
[ log ] www.prison.com/staticassets/i/favicon.png [运行时间：0.026615s][吞吐率：37.57req/s] [内存消耗：1,379.28kb] [文件加载：40]
[ info ] [ LANG ] F:\phpstudy\WWW\prison\thinkphp\lang\zh-cn.php
[ info ] [ ROUTE ] array (
  'type' => 'module',
  'module' => 
  array (
    0 => 'staticassets',
    1 => 'i',
    2 => 'favicon.png',
  ),
)
[ info ] [ HEADER ] array (
  'host' => 'www.prison.com',
  'user-agent' => 'Mozilla/5.0 (Windows NT 10.0; WOW64; rv:53.0) Gecko/20100101 Firefox/53.0',
  'accept' => 'text/html,application/xhtml+xml,application/xml;q=0.9,*/*;q=0.8',
  'accept-language' => 'zh-CN,zh;q=0.8,en-US;q=0.5,en;q=0.3',
  'accept-encoding' => 'gzip, deflate',
  'connection' => 'keep-alive',
)
[ info ] [ PARAM ] array (
)
[ info ] [ LOG ] INIT File

---------------------------------------------------------------
[ 2017-05-31T19:25:53+08:00 ] 127.0.0.1 127.0.0.1 GET /staticassets/css/admin.css
[ log ] www.prison.com/staticassets/css/admin.css [运行时间：0.067028s][吞吐率：14.92req/s] [内存消耗：1,379.31kb] [文件加载：40]
[ info ] [ LANG ] F:\phpstudy\WWW\prison\thinkphp\lang\zh-cn.php
[ info ] [ ROUTE ] array (
  'type' => 'module',
  'module' => 
  array (
    0 => 'staticassets',
    1 => 'css',
    2 => 'admin.css',
  ),
)
[ info ] [ HEADER ] array (
  'host' => 'www.prison.com',
  'user-agent' => 'Mozilla/5.0 (Windows NT 10.0; WOW64; rv:53.0) Gecko/20100101 Firefox/53.0',
  'accept' => 'text/css,*/*;q=0.1',
  'accept-language' => 'zh-CN,zh;q=0.8,en-US;q=0.5,en;q=0.3',
  'accept-encoding' => 'gzip, deflate',
  'referer' => 'http://www.prison.com/admin',
  'connection' => 'keep-alive',
)
[ info ] [ PARAM ] array (
)
[ info ] [ LOG ] INIT File

---------------------------------------------------------------
[ 2017-05-31T19:25:53+08:00 ] 127.0.0.1 127.0.0.1 GET /staticassets/css/app.css
[ log ] www.prison.com/staticassets/css/app.css [运行时间：0.033401s][吞吐率：29.94req/s] [内存消耗：1,379.34kb] [文件加载：40]
[ info ] [ LANG ] F:\phpstudy\WWW\prison\thinkphp\lang\zh-cn.php
[ info ] [ ROUTE ] array (
  'type' => 'module',
  'module' => 
  array (
    0 => 'staticassets',
    1 => 'css',
    2 => 'app.css',
  ),
)
[ info ] [ HEADER ] array (
  'host' => 'www.prison.com',
  'user-agent' => 'Mozilla/5.0 (Windows NT 10.0; WOW64; rv:53.0) Gecko/20100101 Firefox/53.0',
  'accept' => 'text/css,*/*;q=0.1',
  'accept-language' => 'zh-CN,zh;q=0.8,en-US;q=0.5,en;q=0.3',
  'accept-encoding' => 'gzip, deflate',
  'referer' => 'http://www.prison.com/admin',
  'connection' => 'keep-alive',
)
[ info ] [ PARAM ] array (
)
[ info ] [ LOG ] INIT File

---------------------------------------------------------------
[ 2017-05-31T19:25:53+08:00 ] 127.0.0.1 127.0.0.1 GET /staticassets/img/logo.png
[ log ] www.prison.com/staticassets/img/logo.png [运行时间：0.027474s][吞吐率：36.40req/s] [内存消耗：1,379.37kb] [文件加载：40]
[ info ] [ LANG ] F:\phpstudy\WWW\prison\thinkphp\lang\zh-cn.php
[ info ] [ ROUTE ] array (
  'type' => 'module',
  'module' => 
  array (
    0 => 'staticassets',
    1 => 'img',
    2 => 'logo.png',
  ),
)
[ info ] [ HEADER ] array (
  'host' => 'www.prison.com',
  'user-agent' => 'Mozilla/5.0 (Windows NT 10.0; WOW64; rv:53.0) Gecko/20100101 Firefox/53.0',
  'accept' => '*/*',
  'accept-language' => 'zh-CN,zh;q=0.8,en-US;q=0.5,en;q=0.3',
  'accept-encoding' => 'gzip, deflate',
  'referer' => 'http://www.prison.com/admin',
  'connection' => 'keep-alive',
)
[ info ] [ PARAM ] array (
)
[ info ] [ LOG ] INIT File

---------------------------------------------------------------
[ 2017-05-31T19:25:53+08:00 ] 127.0.0.1 127.0.0.1 GET /staticassets/img/user02.png
[ log ] www.prison.com/staticassets/img/user02.png [运行时间：0.028944s][吞吐率：34.55req/s] [内存消耗：1,379.35kb] [文件加载：40]
[ info ] [ LANG ] F:\phpstudy\WWW\prison\thinkphp\lang\zh-cn.php
[ info ] [ ROUTE ] array (
  'type' => 'module',
  'module' => 
  array (
    0 => 'staticassets',
    1 => 'img',
    2 => 'user02.png',
  ),
)
[ info ] [ HEADER ] array (
  'host' => 'www.prison.com',
  'user-agent' => 'Mozilla/5.0 (Windows NT 10.0; WOW64; rv:53.0) Gecko/20100101 Firefox/53.0',
  'accept' => '*/*',
  'accept-language' => 'zh-CN,zh;q=0.8,en-US;q=0.5,en;q=0.3',
  'accept-encoding' => 'gzip, deflate',
  'referer' => 'http://www.prison.com/admin',
  'connection' => 'keep-alive',
)
[ info ] [ PARAM ] array (
)
[ info ] [ LOG ] INIT File

---------------------------------------------------------------
[ 2017-05-31T19:25:53+08:00 ] 127.0.0.1 127.0.0.1 GET /staticassets/img/user03.png
[ log ] www.prison.com/staticassets/img/user03.png [运行时间：0.027805s][吞吐率：35.96req/s] [内存消耗：1,379.35kb] [文件加载：40]
[ info ] [ LANG ] F:\phpstudy\WWW\prison\thinkphp\lang\zh-cn.php
[ info ] [ ROUTE ] array (
  'type' => 'module',
  'module' => 
  array (
    0 => 'staticassets',
    1 => 'img',
    2 => 'user03.png',
  ),
)
[ info ] [ HEADER ] array (
  'host' => 'www.prison.com',
  'user-agent' => 'Mozilla/5.0 (Windows NT 10.0; WOW64; rv:53.0) Gecko/20100101 Firefox/53.0',
  'accept' => '*/*',
  'accept-language' => 'zh-CN,zh;q=0.8,en-US;q=0.5,en;q=0.3',
  'accept-encoding' => 'gzip, deflate',
  'referer' => 'http://www.prison.com/admin',
  'connection' => 'keep-alive',
)
[ info ] [ PARAM ] array (
)
[ info ] [ LOG ] INIT File

---------------------------------------------------------------
[ 2017-05-31T19:25:53+08:00 ] 127.0.0.1 127.0.0.1 GET /staticassets/js/jquery.min.js
[ log ] www.prison.com/staticassets/js/jquery.min.js [运行时间：0.093783s][吞吐率：10.66req/s] [内存消耗：1,379.35kb] [文件加载：40]
[ info ] [ LANG ] F:\phpstudy\WWW\prison\thinkphp\lang\zh-cn.php
[ info ] [ ROUTE ] array (
  'type' => 'module',
  'module' => 
  array (
    0 => 'staticassets',
    1 => 'js',
    2 => 'jquery.min.js',
  ),
)
[ info ] [ HEADER ] array (
  'host' => 'www.prison.com',
  'user-agent' => 'Mozilla/5.0 (Windows NT 10.0; WOW64; rv:53.0) Gecko/20100101 Firefox/53.0',
  'accept' => '*/*',
  'accept-language' => 'zh-CN,zh;q=0.8,en-US;q=0.5,en;q=0.3',
  'accept-encoding' => 'gzip, deflate',
  'referer' => 'http://www.prison.com/admin',
  'connection' => 'keep-alive',
)
[ info ] [ PARAM ] array (
)
[ info ] [ LOG ] INIT File

---------------------------------------------------------------
[ 2017-05-31T19:25:53+08:00 ] 127.0.0.1 127.0.0.1 GET /staticassets/js/amazeui.min.js
[ log ] www.prison.com/staticassets/js/amazeui.min.js [运行时间：0.028517s][吞吐率：35.07req/s] [内存消耗：1,379.33kb] [文件加载：40]
[ info ] [ LANG ] F:\phpstudy\WWW\prison\thinkphp\lang\zh-cn.php
[ info ] [ ROUTE ] array (
  'type' => 'module',
  'module' => 
  array (
    0 => 'staticassets',
    1 => 'js',
    2 => 'amazeui.min.js',
  ),
)
[ info ] [ HEADER ] array (
  'host' => 'www.prison.com',
  'user-agent' => 'Mozilla/5.0 (Windows NT 10.0; WOW64; rv:53.0) Gecko/20100101 Firefox/53.0',
  'accept' => '*/*',
  'accept-language' => 'zh-CN,zh;q=0.8,en-US;q=0.5,en;q=0.3',
  'accept-encoding' => 'gzip, deflate',
  'referer' => 'http://www.prison.com/admin',
  'connection' => 'keep-alive',
)
[ info ] [ PARAM ] array (
)
[ info ] [ LOG ] INIT File

---------------------------------------------------------------
[ 2017-05-31T19:25:53+08:00 ] 127.0.0.1 127.0.0.1 GET /staticassets/js/app.js
[ log ] www.prison.com/staticassets/js/app.js [运行时间：0.027248s][吞吐率：36.70req/s] [内存消耗：1,379.31kb] [文件加载：40]
[ info ] [ LANG ] F:\phpstudy\WWW\prison\thinkphp\lang\zh-cn.php
[ info ] [ ROUTE ] array (
  'type' => 'module',
  'module' => 
  array (
    0 => 'staticassets',
    1 => 'js',
    2 => 'app.js',
  ),
)
[ info ] [ HEADER ] array (
  'host' => 'www.prison.com',
  'user-agent' => 'Mozilla/5.0 (Windows NT 10.0; WOW64; rv:53.0) Gecko/20100101 Firefox/53.0',
  'accept' => '*/*',
  'accept-language' => 'zh-CN,zh;q=0.8,en-US;q=0.5,en;q=0.3',
  'accept-encoding' => 'gzip, deflate',
  'referer' => 'http://www.prison.com/admin',
  'connection' => 'keep-alive',
)
[ info ] [ PARAM ] array (
)
[ info ] [ LOG ] INIT File

---------------------------------------------------------------
[ 2017-05-31T19:30:49+08:00 ] 127.0.0.1 127.0.0.1 GET /admin
[ log ] www.prison.com/admin [运行时间：0.048516s][吞吐率：20.61req/s] [内存消耗：1,697.13kb] [文件加载：46]
[ info ] [ LANG ] F:\phpstudy\WWW\prison\thinkphp\lang\zh-cn.php
[ info ] [ ROUTE ] array (
  'type' => 'module',
  'module' => 
  array (
    0 => 'admin',
    1 => NULL,
    2 => NULL,
  ),
)
[ info ] [ HEADER ] array (
  'host' => 'www.prison.com',
  'user-agent' => 'Mozilla/5.0 (Windows NT 10.0; WOW64; rv:53.0) Gecko/20100101 Firefox/53.0',
  'accept' => 'text/html,application/xhtml+xml,application/xml;q=0.9,*/*;q=0.8',
  'accept-language' => 'zh-CN,zh;q=0.8,en-US;q=0.5,en;q=0.3',
  'accept-encoding' => 'gzip, deflate',
  'connection' => 'keep-alive',
  'upgrade-insecure-requests' => '1',
)
[ info ] [ PARAM ] array (
)
[ info ] [ RUN ] app\admin\controller\Index->index[ F:\phpstudy\WWW\prison\application\admin\controller\Index.php ]
[ info ] [ VIEW ] F:\phpstudy\WWW\prison\public/../application/admin\view\index\index.html [ array (
) ]
[ info ] [ LOG ] INIT File

---------------------------------------------------------------
[ 2017-05-31T19:41:12+08:00 ] 127.0.0.1 127.0.0.1 GET /admin/index/adduser.html
[ log ] www.prison.com/admin/index/adduser.html [运行时间：0.046023s][吞吐率：21.73req/s] [内存消耗：1,656.66kb] [文件加载：47]
[ info ] [ LANG ] F:\phpstudy\WWW\prison\thinkphp\lang\zh-cn.php
[ info ] [ ROUTE ] array (
  'type' => 'module',
  'module' => 
  array (
    0 => 'admin',
    1 => 'index',
    2 => 'adduser',
  ),
)
[ info ] [ HEADER ] array (
  'host' => 'www.prison.com',
  'user-agent' => 'Mozilla/5.0 (Windows NT 10.0; WOW64; rv:53.0) Gecko/20100101 Firefox/53.0',
  'accept' => 'text/html,application/xhtml+xml,application/xml;q=0.9,*/*;q=0.8',
  'accept-language' => 'zh-CN,zh;q=0.8,en-US;q=0.5,en;q=0.3',
  'accept-encoding' => 'gzip, deflate',
  'referer' => 'http://www.prison.com/admin',
  'connection' => 'keep-alive',
  'upgrade-insecure-requests' => '1',
)
[ info ] [ PARAM ] array (
)
[ info ] [ LOG ] INIT File

---------------------------------------------------------------
[ 2017-05-31T19:41:14+08:00 ] 127.0.0.1 127.0.0.1 GET /admin/index/userlist.html
[ log ] www.prison.com/admin/index/userlist.html [运行时间：0.034652s][吞吐率：28.86req/s] [内存消耗：1,656.70kb] [文件加载：47]
[ info ] [ LANG ] F:\phpstudy\WWW\prison\thinkphp\lang\zh-cn.php
[ info ] [ ROUTE ] array (
  'type' => 'module',
  'module' => 
  array (
    0 => 'admin',
    1 => 'index',
    2 => 'userlist',
  ),
)
[ info ] [ HEADER ] array (
  'host' => 'www.prison.com',
  'user-agent' => 'Mozilla/5.0 (Windows NT 10.0; WOW64; rv:53.0) Gecko/20100101 Firefox/53.0',
  'accept' => 'text/html,application/xhtml+xml,application/xml;q=0.9,*/*;q=0.8',
  'accept-language' => 'zh-CN,zh;q=0.8,en-US;q=0.5,en;q=0.3',
  'accept-encoding' => 'gzip, deflate',
  'referer' => 'http://www.prison.com/admin',
  'connection' => 'keep-alive',
  'upgrade-insecure-requests' => '1',
)
[ info ] [ PARAM ] array (
)
[ info ] [ LOG ] INIT File

---------------------------------------------------------------
[ 2017-05-31T19:42:03+08:00 ] 127.0.0.1 127.0.0.1 GET /chart.html
[ log ] www.prison.com/chart.html [运行时间：0.026786s][吞吐率：37.33req/s] [内存消耗：1,379.80kb] [文件加载：40]
[ info ] [ LANG ] F:\phpstudy\WWW\prison\thinkphp\lang\zh-cn.php
[ info ] [ ROUTE ] array (
  'type' => 'module',
  'module' => 
  array (
    0 => 'chart',
    1 => NULL,
    2 => NULL,
  ),
)
[ info ] [ HEADER ] array (
  'host' => 'www.prison.com',
  'user-agent' => 'Mozilla/5.0 (Windows NT 10.0; WOW64; rv:53.0) Gecko/20100101 Firefox/53.0',
  'accept' => 'text/html,application/xhtml+xml,application/xml;q=0.9,*/*;q=0.8',
  'accept-language' => 'zh-CN,zh;q=0.8,en-US;q=0.5,en;q=0.3',
  'accept-encoding' => 'gzip, deflate',
  'referer' => 'http://www.prison.com/admin',
  'connection' => 'keep-alive',
  'upgrade-insecure-requests' => '1',
)
[ info ] [ PARAM ] array (
)
[ info ] [ LOG ] INIT File

---------------------------------------------------------------
[ 2017-05-31T19:53:28+08:00 ] 127.0.0.1 127.0.0.1 GET /admin
[ log ] www.prison.com/admin [运行时间：0.056792s][吞吐率：17.61req/s] [内存消耗：1,863.54kb] [文件加载：48]
[ info ] [ LANG ] F:\phpstudy\WWW\prison\thinkphp\lang\zh-cn.php
[ info ] [ ROUTE ] array (
  'type' => 'module',
  'module' => 
  array (
    0 => 'admin',
    1 => NULL,
    2 => NULL,
  ),
)
[ info ] [ HEADER ] array (
  'host' => 'www.prison.com',
  'user-agent' => 'Mozilla/5.0 (Windows NT 10.0; WOW64; rv:53.0) Gecko/20100101 Firefox/53.0',
  'accept' => 'text/html,application/xhtml+xml,application/xml;q=0.9,*/*;q=0.8',
  'accept-language' => 'zh-CN,zh;q=0.8,en-US;q=0.5,en;q=0.3',
  'accept-encoding' => 'gzip, deflate',
  'connection' => 'keep-alive',
  'upgrade-insecure-requests' => '1',
  'cache-control' => 'max-age=0',
)
[ info ] [ PARAM ] array (
)
[ info ] [ RUN ] app\admin\controller\Index->index[ F:\phpstudy\WWW\prison\application\admin\controller\Index.php ]
[ info ] [ VIEW ] F:\phpstudy\WWW\prison\public/../application/admin\view\index\index.html [ array (
) ]
[ info ] [ LOG ] INIT File

---------------------------------------------------------------
[ 2017-05-31T19:55:48+08:00 ] 127.0.0.1 127.0.0.1 GET /admin
[ log ] www.prison.com/admin [运行时间：0.051930s][吞吐率：19.26req/s] [内存消耗：1,864.97kb] [文件加载：48]
[ info ] [ LANG ] F:\phpstudy\WWW\prison\thinkphp\lang\zh-cn.php
[ info ] [ ROUTE ] array (
  'type' => 'module',
  'module' => 
  array (
    0 => 'admin',
    1 => NULL,
    2 => NULL,
  ),
)
[ info ] [ HEADER ] array (
  'host' => 'www.prison.com',
  'user-agent' => 'Mozilla/5.0 (Windows NT 10.0; WOW64; rv:53.0) Gecko/20100101 Firefox/53.0',
  'accept' => 'text/html,application/xhtml+xml,application/xml;q=0.9,*/*;q=0.8',
  'accept-language' => 'zh-CN,zh;q=0.8,en-US;q=0.5,en;q=0.3',
  'accept-encoding' => 'gzip, deflate',
  'connection' => 'keep-alive',
  'upgrade-insecure-requests' => '1',
  'cache-control' => 'max-age=0',
)
[ info ] [ PARAM ] array (
)
[ info ] [ RUN ] app\admin\controller\Index->index[ F:\phpstudy\WWW\prison\application\admin\controller\Index.php ]
[ info ] [ VIEW ] F:\phpstudy\WWW\prison\public/../application/admin\view\index\index.html [ array (
) ]
[ info ] [ LOG ] INIT File

---------------------------------------------------------------
[ 2017-05-31T19:56:47+08:00 ] 127.0.0.1 127.0.0.1 GET /admin
[ log ] www.prison.com/admin [运行时间：0.037126s][吞吐率：26.94req/s] [内存消耗：1,697.23kb] [文件加载：46]
[ info ] [ LANG ] F:\phpstudy\WWW\prison\thinkphp\lang\zh-cn.php
[ info ] [ ROUTE ] array (
  'type' => 'module',
  'module' => 
  array (
    0 => 'admin',
    1 => NULL,
    2 => NULL,
  ),
)
[ info ] [ HEADER ] array (
  'host' => 'www.prison.com',
  'user-agent' => 'Mozilla/5.0 (Windows NT 10.0; WOW64; rv:53.0) Gecko/20100101 Firefox/53.0',
  'accept' => 'text/html,application/xhtml+xml,application/xml;q=0.9,*/*;q=0.8',
  'accept-language' => 'zh-CN,zh;q=0.8,en-US;q=0.5,en;q=0.3',
  'accept-encoding' => 'gzip, deflate',
  'connection' => 'keep-alive',
  'upgrade-insecure-requests' => '1',
  'cache-control' => 'max-age=0',
)
[ info ] [ PARAM ] array (
)
[ info ] [ RUN ] app\admin\controller\Index->index[ F:\phpstudy\WWW\prison\application\admin\controller\Index.php ]
[ info ] [ VIEW ] F:\phpstudy\WWW\prison\public/../application/admin\view\index\index.html [ array (
) ]
[ info ] [ LOG ] INIT File

---------------------------------------------------------------
[ 2017-05-31T20:17:10+08:00 ] 127.0.0.1 127.0.0.1 GET /admin
[ log ] www.prison.com/admin [运行时间：0.058023s][吞吐率：17.23req/s] [内存消耗：1,865.40kb] [文件加载：48]
[ info ] [ LANG ] F:\phpstudy\WWW\prison\thinkphp\lang\zh-cn.php
[ info ] [ ROUTE ] array (
  'type' => 'module',
  'module' => 
  array (
    0 => 'admin',
    1 => NULL,
    2 => NULL,
  ),
)
[ info ] [ HEADER ] array (
  'host' => 'www.prison.com',
  'user-agent' => 'Mozilla/5.0 (Windows NT 10.0; WOW64; rv:53.0) Gecko/20100101 Firefox/53.0',
  'accept' => 'text/html,application/xhtml+xml,application/xml;q=0.9,*/*;q=0.8',
  'accept-language' => 'zh-CN,zh;q=0.8,en-US;q=0.5,en;q=0.3',
  'accept-encoding' => 'gzip, deflate',
  'connection' => 'keep-alive',
  'upgrade-insecure-requests' => '1',
  'cache-control' => 'max-age=0',
)
[ info ] [ PARAM ] array (
)
[ info ] [ RUN ] app\admin\controller\Index->index[ F:\phpstudy\WWW\prison\application\admin\controller\Index.php ]
[ info ] [ VIEW ] F:\phpstudy\WWW\prison\public/../application/admin\view\index\index.html [ array (
) ]
[ info ] [ LOG ] INIT File

---------------------------------------------------------------
[ 2017-05-31T20:17:14+08:00 ] 127.0.0.1 127.0.0.1 GET /admin/index/userlist.html
[ log ] www.prison.com/admin/index/userlist.html [运行时间：0.046673s][吞吐率：21.43req/s] [内存消耗：1,656.70kb] [文件加载：47]
[ info ] [ LANG ] F:\phpstudy\WWW\prison\thinkphp\lang\zh-cn.php
[ info ] [ ROUTE ] array (
  'type' => 'module',
  'module' => 
  array (
    0 => 'admin',
    1 => 'index',
    2 => 'userlist',
  ),
)
[ info ] [ HEADER ] array (
  'host' => 'www.prison.com',
  'user-agent' => 'Mozilla/5.0 (Windows NT 10.0; WOW64; rv:53.0) Gecko/20100101 Firefox/53.0',
  'accept' => 'text/html,application/xhtml+xml,application/xml;q=0.9,*/*;q=0.8',
  'accept-language' => 'zh-CN,zh;q=0.8,en-US;q=0.5,en;q=0.3',
  'accept-encoding' => 'gzip, deflate',
  'referer' => 'http://www.prison.com/admin',
  'connection' => 'keep-alive',
  'upgrade-insecure-requests' => '1',
)
[ info ] [ PARAM ] array (
)
[ info ] [ LOG ] INIT File

---------------------------------------------------------------
[ 2017-05-31T20:17:16+08:00 ] 127.0.0.1 127.0.0.1 GET /admin
[ log ] www.prison.com/admin [运行时间：0.042190s][吞吐率：23.70req/s] [内存消耗：1,697.29kb] [文件加载：46]
[ info ] [ LANG ] F:\phpstudy\WWW\prison\thinkphp\lang\zh-cn.php
[ info ] [ ROUTE ] array (
  'type' => 'module',
  'module' => 
  array (
    0 => 'admin',
    1 => NULL,
    2 => NULL,
  ),
)
[ info ] [ HEADER ] array (
  'host' => 'www.prison.com',
  'user-agent' => 'Mozilla/5.0 (Windows NT 10.0; WOW64; rv:53.0) Gecko/20100101 Firefox/53.0',
  'accept' => 'text/html,application/xhtml+xml,application/xml;q=0.9,*/*;q=0.8',
  'accept-language' => 'zh-CN,zh;q=0.8,en-US;q=0.5,en;q=0.3',
  'accept-encoding' => 'gzip, deflate',
  'connection' => 'keep-alive',
  'upgrade-insecure-requests' => '1',
  'cache-control' => 'max-age=0',
)
[ info ] [ PARAM ] array (
)
[ info ] [ RUN ] app\admin\controller\Index->index[ F:\phpstudy\WWW\prison\application\admin\controller\Index.php ]
[ info ] [ VIEW ] F:\phpstudy\WWW\prison\public/../application/admin\view\index\index.html [ array (
) ]
[ info ] [ LOG ] INIT File

---------------------------------------------------------------
[ 2017-05-31T20:23:09+08:00 ] 127.0.0.1 127.0.0.1 GET /admin
[ log ] www.prison.com/admin [运行时间：0.044044s][吞吐率：22.70req/s] [内存消耗：1,697.82kb] [文件加载：46]
[ info ] [ LANG ] F:\phpstudy\WWW\prison\thinkphp\lang\zh-cn.php
[ info ] [ ROUTE ] array (
  'type' => 'module',
  'module' => 
  array (
    0 => 'admin',
    1 => NULL,
    2 => NULL,
  ),
)
[ info ] [ HEADER ] array (
  'host' => 'www.prison.com',
  'user-agent' => 'Mozilla/5.0 (Windows NT 10.0; WOW64; rv:53.0) Gecko/20100101 Firefox/53.0',
  'accept' => 'text/html,application/xhtml+xml,application/xml;q=0.9,*/*;q=0.8',
  'accept-language' => 'zh-CN,zh;q=0.8,en-US;q=0.5,en;q=0.3',
  'accept-encoding' => 'gzip, deflate',
  'connection' => 'keep-alive',
  'upgrade-insecure-requests' => '1',
  'cache-control' => 'max-age=0',
)
[ info ] [ PARAM ] array (
)
[ info ] [ RUN ] app\admin\controller\Index->index[ F:\phpstudy\WWW\prison\application\admin\controller\Index.php ]
[ info ] [ VIEW ] F:\phpstudy\WWW\prison\public/../application/admin\view\index\index.html [ array (
) ]
[ info ] [ LOG ] INIT File

---------------------------------------------------------------
[ 2017-05-31T20:23:11+08:00 ] 127.0.0.1 127.0.0.1 GET /admin/index/userlist.html
[ log ] www.prison.com/admin/index/userlist.html [运行时间：0.070895s][吞吐率：14.11req/s] [内存消耗：1,876.93kb] [文件加载：52]
[ info ] [ LANG ] F:\phpstudy\WWW\prison\thinkphp\lang\zh-cn.php
[ info ] [ ROUTE ] array (
  'type' => 'module',
  'module' => 
  array (
    0 => 'admin',
    1 => 'index',
    2 => 'userlist',
  ),
)
[ info ] [ HEADER ] array (
  'host' => 'www.prison.com',
  'user-agent' => 'Mozilla/5.0 (Windows NT 10.0; WOW64; rv:53.0) Gecko/20100101 Firefox/53.0',
  'accept' => 'text/html,application/xhtml+xml,application/xml;q=0.9,*/*;q=0.8',
  'accept-language' => 'zh-CN,zh;q=0.8,en-US;q=0.5,en;q=0.3',
  'accept-encoding' => 'gzip, deflate',
  'referer' => 'http://www.prison.com/admin',
  'connection' => 'keep-alive',
  'upgrade-insecure-requests' => '1',
)
[ info ] [ PARAM ] array (
)
[ info ] [ RUN ] app\admin\controller\Index->userlist[ F:\phpstudy\WWW\prison\application\admin\controller\Index.php ]
[ info ] [ VIEW ] F:\phpstudy\WWW\prison\public/../application/admin\view\index\userlist.html [ array (
) ]
[ info ] [ LOG ] INIT File
[ error ] [8]未定义变量: userlist[F:\phpstudy\WWW\prison\runtime\temp\dcbd8b89eacce6b6bfffa5c2e740bd4d.php:80]

---------------------------------------------------------------
[ 2017-05-31T20:25:07+08:00 ] 127.0.0.1 127.0.0.1 GET /admin
[ log ] www.prison.com/admin [运行时间：0.038657s][吞吐率：25.87req/s] [内存消耗：1,697.82kb] [文件加载：46]
[ info ] [ LANG ] F:\phpstudy\WWW\prison\thinkphp\lang\zh-cn.php
[ info ] [ ROUTE ] array (
  'type' => 'module',
  'module' => 
  array (
    0 => 'admin',
    1 => NULL,
    2 => NULL,
  ),
)
[ info ] [ HEADER ] array (
  'host' => 'www.prison.com',
  'user-agent' => 'Mozilla/5.0 (Windows NT 10.0; WOW64; rv:53.0) Gecko/20100101 Firefox/53.0',
  'accept' => 'text/html,application/xhtml+xml,application/xml;q=0.9,*/*;q=0.8',
  'accept-language' => 'zh-CN,zh;q=0.8,en-US;q=0.5,en;q=0.3',
  'accept-encoding' => 'gzip, deflate',
  'connection' => 'keep-alive',
  'upgrade-insecure-requests' => '1',
  'cache-control' => 'max-age=0',
)
[ info ] [ PARAM ] array (
)
[ info ] [ RUN ] app\admin\controller\Index->index[ F:\phpstudy\WWW\prison\application\admin\controller\Index.php ]
[ info ] [ VIEW ] F:\phpstudy\WWW\prison\public/../application/admin\view\index\index.html [ array (
) ]
[ info ] [ LOG ] INIT File

---------------------------------------------------------------
[ 2017-05-31T20:25:09+08:00 ] 127.0.0.1 127.0.0.1 GET /admin/index/userlist.html
[ log ] www.prison.com/admin/index/userlist.html [运行时间：0.053547s][吞吐率：18.68req/s] [内存消耗：1,816.94kb] [文件加载：51]
[ info ] [ LANG ] F:\phpstudy\WWW\prison\thinkphp\lang\zh-cn.php
[ info ] [ ROUTE ] array (
  'type' => 'module',
  'module' => 
  array (
    0 => 'admin',
    1 => 'index',
    2 => 'userlist',
  ),
)
[ info ] [ HEADER ] array (
  'host' => 'www.prison.com',
  'user-agent' => 'Mozilla/5.0 (Windows NT 10.0; WOW64; rv:53.0) Gecko/20100101 Firefox/53.0',
  'accept' => 'text/html,application/xhtml+xml,application/xml;q=0.9,*/*;q=0.8',
  'accept-language' => 'zh-CN,zh;q=0.8,en-US;q=0.5,en;q=0.3',
  'accept-encoding' => 'gzip, deflate',
  'referer' => 'http://www.prison.com/admin',
  'connection' => 'keep-alive',
  'upgrade-insecure-requests' => '1',
)
[ info ] [ PARAM ] array (
)
[ info ] [ RUN ] app\admin\controller\Index->userlist[ F:\phpstudy\WWW\prison\application\admin\controller\Index.php ]
[ info ] [ VIEW ] F:\phpstudy\WWW\prison\public/../application/admin\view\index\userlist.html [ array (
) ]
[ info ] [ LOG ] INIT File
[ error ] [8]未定义变量: ulist[F:\phpstudy\WWW\prison\runtime\temp\dcbd8b89eacce6b6bfffa5c2e740bd4d.php:82]

---------------------------------------------------------------
[ 2017-05-31T20:26:13+08:00 ] 127.0.0.1 127.0.0.1 GET /admin
[ log ] www.prison.com/admin [运行时间：0.042170s][吞吐率：23.71req/s] [内存消耗：1,697.83kb] [文件加载：46]
[ info ] [ LANG ] F:\phpstudy\WWW\prison\thinkphp\lang\zh-cn.php
[ info ] [ ROUTE ] array (
  'type' => 'module',
  'module' => 
  array (
    0 => 'admin',
    1 => NULL,
    2 => NULL,
  ),
)
[ info ] [ HEADER ] array (
  'host' => 'www.prison.com',
  'user-agent' => 'Mozilla/5.0 (Windows NT 10.0; WOW64; rv:53.0) Gecko/20100101 Firefox/53.0',
  'accept' => 'text/html,application/xhtml+xml,application/xml;q=0.9,*/*;q=0.8',
  'accept-language' => 'zh-CN,zh;q=0.8,en-US;q=0.5,en;q=0.3',
  'accept-encoding' => 'gzip, deflate',
  'connection' => 'keep-alive',
  'upgrade-insecure-requests' => '1',
  'cache-control' => 'max-age=0',
)
[ info ] [ PARAM ] array (
)
[ info ] [ RUN ] app\admin\controller\Index->index[ F:\phpstudy\WWW\prison\application\admin\controller\Index.php ]
[ info ] [ VIEW ] F:\phpstudy\WWW\prison\public/../application/admin\view\index\index.html [ array (
) ]
[ info ] [ LOG ] INIT File

---------------------------------------------------------------
[ 2017-05-31T20:26:15+08:00 ] 127.0.0.1 127.0.0.1 GET /admin
[ log ] www.prison.com/admin [运行时间：0.037144s][吞吐率：26.92req/s] [内存消耗：1,697.63kb] [文件加载：46]
[ info ] [ LANG ] F:\phpstudy\WWW\prison\thinkphp\lang\zh-cn.php
[ info ] [ ROUTE ] array (
  'type' => 'module',
  'module' => 
  array (
    0 => 'admin',
    1 => NULL,
    2 => NULL,
  ),
)
[ info ] [ HEADER ] array (
  'host' => 'www.prison.com',
  'user-agent' => 'Mozilla/5.0 (Windows NT 10.0; WOW64; rv:53.0) Gecko/20100101 Firefox/53.0',
  'accept' => 'text/html,application/xhtml+xml,application/xml;q=0.9,*/*;q=0.8',
  'accept-language' => 'zh-CN,zh;q=0.8,en-US;q=0.5,en;q=0.3',
  'accept-encoding' => 'gzip, deflate',
  'connection' => 'keep-alive',
  'upgrade-insecure-requests' => '1',
)
[ info ] [ PARAM ] array (
)
[ info ] [ RUN ] app\admin\controller\Index->index[ F:\phpstudy\WWW\prison\application\admin\controller\Index.php ]
[ info ] [ VIEW ] F:\phpstudy\WWW\prison\public/../application/admin\view\index\index.html [ array (
) ]
[ info ] [ LOG ] INIT File

---------------------------------------------------------------
[ 2017-05-31T20:26:17+08:00 ] 127.0.0.1 127.0.0.1 GET /admin/index/userlist.html
[ log ] www.prison.com/admin/index/userlist.html [运行时间：0.056096s][吞吐率：17.83req/s] [内存消耗：1,815.48kb] [文件加载：51]
[ info ] [ LANG ] F:\phpstudy\WWW\prison\thinkphp\lang\zh-cn.php
[ info ] [ ROUTE ] array (
  'type' => 'module',
  'module' => 
  array (
    0 => 'admin',
    1 => 'index',
    2 => 'userlist',
  ),
)
[ info ] [ HEADER ] array (
  'host' => 'www.prison.com',
  'user-agent' => 'Mozilla/5.0 (Windows NT 10.0; WOW64; rv:53.0) Gecko/20100101 Firefox/53.0',
  'accept' => 'text/html,application/xhtml+xml,application/xml;q=0.9,*/*;q=0.8',
  'accept-language' => 'zh-CN,zh;q=0.8,en-US;q=0.5,en;q=0.3',
  'accept-encoding' => 'gzip, deflate',
  'referer' => 'http://www.prison.com/admin',
  'connection' => 'keep-alive',
  'upgrade-insecure-requests' => '1',
)
[ info ] [ PARAM ] array (
)
[ info ] [ RUN ] app\admin\controller\Index->userlist[ F:\phpstudy\WWW\prison\application\admin\controller\Index.php ]
[ info ] [ VIEW ] F:\phpstudy\WWW\prison\public/../application/admin\view\index\userlist.html [ array (
) ]
[ info ] [ LOG ] INIT File
[ error ] [8]未定义变量: page[F:\phpstudy\WWW\prison\runtime\temp\dcbd8b89eacce6b6bfffa5c2e740bd4d.php:105]

---------------------------------------------------------------
[ 2017-05-31T20:26:29+08:00 ] 127.0.0.1 127.0.0.1 GET /admin
[ log ] www.prison.com/admin [运行时间：0.033618s][吞吐率：29.75req/s] [内存消耗：1,697.83kb] [文件加载：46]
[ info ] [ LANG ] F:\phpstudy\WWW\prison\thinkphp\lang\zh-cn.php
[ info ] [ ROUTE ] array (
  'type' => 'module',
  'module' => 
  array (
    0 => 'admin',
    1 => NULL,
    2 => NULL,
  ),
)
[ info ] [ HEADER ] array (
  'host' => 'www.prison.com',
  'user-agent' => 'Mozilla/5.0 (Windows NT 10.0; WOW64; rv:53.0) Gecko/20100101 Firefox/53.0',
  'accept' => 'text/html,application/xhtml+xml,application/xml;q=0.9,*/*;q=0.8',
  'accept-language' => 'zh-CN,zh;q=0.8,en-US;q=0.5,en;q=0.3',
  'accept-encoding' => 'gzip, deflate',
  'connection' => 'keep-alive',
  'upgrade-insecure-requests' => '1',
  'cache-control' => 'max-age=0',
)
[ info ] [ PARAM ] array (
)
[ info ] [ RUN ] app\admin\controller\Index->index[ F:\phpstudy\WWW\prison\application\admin\controller\Index.php ]
[ info ] [ VIEW ] F:\phpstudy\WWW\prison\public/../application/admin\view\index\index.html [ array (
) ]
[ info ] [ LOG ] INIT File

---------------------------------------------------------------
[ 2017-05-31T20:26:31+08:00 ] 127.0.0.1 127.0.0.1 GET /admin/index/userlist.html
[ log ] www.prison.com/admin/index/userlist.html [运行时间：0.047271s][吞吐率：21.15req/s] [内存消耗：1,772.12kb] [文件加载：47]
[ info ] [ LANG ] F:\phpstudy\WWW\prison\thinkphp\lang\zh-cn.php
[ info ] [ ROUTE ] array (
  'type' => 'module',
  'module' => 
  array (
    0 => 'admin',
    1 => 'index',
    2 => 'userlist',
  ),
)
[ info ] [ HEADER ] array (
  'host' => 'www.prison.com',
  'user-agent' => 'Mozilla/5.0 (Windows NT 10.0; WOW64; rv:53.0) Gecko/20100101 Firefox/53.0',
  'accept' => 'text/html,application/xhtml+xml,application/xml;q=0.9,*/*;q=0.8',
  'accept-language' => 'zh-CN,zh;q=0.8,en-US;q=0.5,en;q=0.3',
  'accept-encoding' => 'gzip, deflate',
  'referer' => 'http://www.prison.com/admin',
  'connection' => 'keep-alive',
  'upgrade-insecure-requests' => '1',
)
[ info ] [ PARAM ] array (
)
[ info ] [ RUN ] app\admin\controller\Index->userlist[ F:\phpstudy\WWW\prison\application\admin\controller\Index.php ]
[ info ] [ VIEW ] F:\phpstudy\WWW\prison\public/../application/admin\view\index\userlist.html [ array (
) ]
[ info ] [ LOG ] INIT File

---------------------------------------------------------------
[ 2017-05-31T20:26:31+08:00 ] 127.0.0.1 127.0.0.1 GET /admin/index/assets/js/app.js
[ log ] www.prison.com/admin/index/assets/js/app.js [运行时间：0.037432s][吞吐率：26.71req/s] [内存消耗：1,657.19kb] [文件加载：47]
[ info ] [ LANG ] F:\phpstudy\WWW\prison\thinkphp\lang\zh-cn.php
[ info ] [ ROUTE ] array (
  'type' => 'module',
  'module' => 
  array (
    0 => 'admin',
    1 => 'index',
    2 => 'assets',
  ),
)
[ info ] [ HEADER ] array (
  'host' => 'www.prison.com',
  'user-agent' => 'Mozilla/5.0 (Windows NT 10.0; WOW64; rv:53.0) Gecko/20100101 Firefox/53.0',
  'accept' => '*/*',
  'accept-language' => 'zh-CN,zh;q=0.8,en-US;q=0.5,en;q=0.3',
  'accept-encoding' => 'gzip, deflate',
  'referer' => 'http://www.prison.com/admin/index/userlist.html',
  'connection' => 'keep-alive',
)
[ info ] [ PARAM ] array (
  'js' => 'app.js',
)
[ info ] [ LOG ] INIT File

---------------------------------------------------------------
[ 2017-05-31T20:26:31+08:00 ] 127.0.0.1 127.0.0.1 GET /admin/index/assets/js/amazeui.min.js
[ log ] www.prison.com/admin/index/assets/js/amazeui.min.js [运行时间：0.049135s][吞吐率：20.35req/s] [内存消耗：1,657.35kb] [文件加载：47]
[ info ] [ LANG ] F:\phpstudy\WWW\prison\thinkphp\lang\zh-cn.php
[ info ] [ ROUTE ] array (
  'type' => 'module',
  'module' => 
  array (
    0 => 'admin',
    1 => 'index',
    2 => 'assets',
  ),
)
[ info ] [ HEADER ] array (
  'host' => 'www.prison.com',
  'user-agent' => 'Mozilla/5.0 (Windows NT 10.0; WOW64; rv:53.0) Gecko/20100101 Firefox/53.0',
  'accept' => '*/*',
  'accept-language' => 'zh-CN,zh;q=0.8,en-US;q=0.5,en;q=0.3',
  'accept-encoding' => 'gzip, deflate',
  'referer' => 'http://www.prison.com/admin/index/userlist.html',
  'connection' => 'keep-alive',
)
[ info ] [ PARAM ] array (
  'js' => 'amazeui.min.js',
)
[ info ] [ LOG ] INIT File

---------------------------------------------------------------
[ 2017-05-31T20:26:31+08:00 ] 127.0.0.1 127.0.0.1 GET /admin/index/assets/js/jquery.min.js
[ log ] www.prison.com/admin/index/assets/js/jquery.min.js [运行时间：0.046977s][吞吐率：21.29req/s] [内存消耗：1,657.34kb] [文件加载：47]
[ info ] [ LANG ] F:\phpstudy\WWW\prison\thinkphp\lang\zh-cn.php
[ info ] [ ROUTE ] array (
  'type' => 'module',
  'module' => 
  array (
    0 => 'admin',
    1 => 'index',
    2 => 'assets',
  ),
)
[ info ] [ HEADER ] array (
  'host' => 'www.prison.com',
  'user-agent' => 'Mozilla/5.0 (Windows NT 10.0; WOW64; rv:53.0) Gecko/20100101 Firefox/53.0',
  'accept' => '*/*',
  'accept-language' => 'zh-CN,zh;q=0.8,en-US;q=0.5,en;q=0.3',
  'accept-encoding' => 'gzip, deflate',
  'referer' => 'http://www.prison.com/admin/index/userlist.html',
  'connection' => 'keep-alive',
)
[ info ] [ PARAM ] array (
  'js' => 'jquery.min.js',
)
[ info ] [ LOG ] INIT File

---------------------------------------------------------------
[ 2017-05-31T20:26:32+08:00 ] 127.0.0.1 127.0.0.1 GET /admin/index/assets/js/amazeui.min.js
[ log ] www.prison.com/admin/index/assets/js/amazeui.min.js [运行时间：0.034949s][吞吐率：28.61req/s] [内存消耗：1,657.35kb] [文件加载：47]
[ info ] [ LANG ] F:\phpstudy\WWW\prison\thinkphp\lang\zh-cn.php
[ info ] [ ROUTE ] array (
  'type' => 'module',
  'module' => 
  array (
    0 => 'admin',
    1 => 'index',
    2 => 'assets',
  ),
)
[ info ] [ HEADER ] array (
  'host' => 'www.prison.com',
  'user-agent' => 'Mozilla/5.0 (Windows NT 10.0; WOW64; rv:53.0) Gecko/20100101 Firefox/53.0',
  'accept' => '*/*',
  'accept-language' => 'zh-CN,zh;q=0.8,en-US;q=0.5,en;q=0.3',
  'accept-encoding' => 'gzip, deflate',
  'referer' => 'http://www.prison.com/admin/index/userlist.html',
  'connection' => 'keep-alive',
)
[ info ] [ PARAM ] array (
  'js' => 'amazeui.min.js',
)
[ info ] [ LOG ] INIT File

---------------------------------------------------------------
[ 2017-05-31T20:26:32+08:00 ] 127.0.0.1 127.0.0.1 GET /admin/index/assets/js/app.js
[ log ] www.prison.com/admin/index/assets/js/app.js [运行时间：0.032972s][吞吐率：30.33req/s] [内存消耗：1,657.19kb] [文件加载：47]
[ info ] [ LANG ] F:\phpstudy\WWW\prison\thinkphp\lang\zh-cn.php
[ info ] [ ROUTE ] array (
  'type' => 'module',
  'module' => 
  array (
    0 => 'admin',
    1 => 'index',
    2 => 'assets',
  ),
)
[ info ] [ HEADER ] array (
  'host' => 'www.prison.com',
  'user-agent' => 'Mozilla/5.0 (Windows NT 10.0; WOW64; rv:53.0) Gecko/20100101 Firefox/53.0',
  'accept' => '*/*',
  'accept-language' => 'zh-CN,zh;q=0.8,en-US;q=0.5,en;q=0.3',
  'accept-encoding' => 'gzip, deflate',
  'referer' => 'http://www.prison.com/admin/index/userlist.html',
  'connection' => 'keep-alive',
)
[ info ] [ PARAM ] array (
  'js' => 'app.js',
)
[ info ] [ LOG ] INIT File

---------------------------------------------------------------
